2021-12-25 22:19:17,678:INFO - INFO - Прочитал chatId из файла
2021-12-25 22:19:17,678:INFO - INFO - Прочитал TelegramToken из файла
2021-12-25 22:19:17,689:INFO - INFO - В исходном состоянии.
2021-12-25 22:19:21,903:INFO - INFO - Сделал снимок
2021-12-25 22:19:22,136:INFO - INFO - Ложное срабатывание.
2021-12-25 22:19:22,136:INFO - INFO - Программа уходит в сон на 15 секунд.
2021-12-25 22:19:37,152:INFO - INFO - В исходном состоянии.
2021-12-25 22:19:42,008:INFO - INFO - Сделал снимок
2021-12-25 22:19:42,539:INFO - INFO - Тревога! запустил аудио.
2021-12-25 22:19:42,746:INFO - INFO - Сохранил фото в архив.
2021-12-25 22:19:42,746:INFO - INFO - Прочитал chatId из файла
2021-12-25 22:19:43,195:INFO - INFO - Сообщил о тревоге
2021-12-25 22:19:43,195:INFO - INFO - Программа уходит в сон на 15 секунд.
2021-12-25 22:19:58,196:INFO - INFO - В исходном состоянии.
2021-12-25 22:20:01,885:INFO - INFO - Сделал снимок
2021-12-25 22:20:02,232:INFO - INFO - Тревога! запустил аудио.
2021-12-25 22:20:02,234:INFO - INFO - Сохранил фото в архив.
2021-12-25 22:20:02,234:INFO - INFO - Прочитал chatId из файла
2021-12-25 22:20:02,390:INFO - INFO - Сообщил о тревоге
2021-12-25 22:20:02,390:INFO - INFO - Программа уходит в сон на 15 секунд.
2021-12-25 22:20:17,392:INFO - INFO - В исходном состоянии.
2021-12-25 22:20:32,940:INFO - INFO - Пришла заявка на смену chatId.
Заменил chatId.
2021-12-25 22:20:39,333:INFO - INFO - Сделал снимок
2021-12-25 22:20:39,659:INFO - INFO - Тревога! запустил аудио.
2021-12-25 22:20:39,660:INFO - INFO - Сохранил фото в архив.
2021-12-25 22:20:39,660:INFO - INFO - Прочитал chatId из файла
2021-12-25 22:20:39,794:INFO - INFO - Сообщил о тревоге
2021-12-25 22:20:39,794:INFO - INFO - Программа уходит в сон на 15 секунд.
2021-12-25 22:20:54,795:INFO - INFO - В исходном состоянии.
